<?xml version="1.0"?>
<!DOCTYPE coverage SYSTEM "http://cobertura.sourceforge.net/xml/coverage-03.dtd">

<coverage line-rate="1.0" branch-rate="1.0" version="1.9" timestamp="1427779690235">
	<sources>
		<source>d:/work/git/SpringMVC/src/main/java</source>
		<source>--source</source>
	</sources>
	<packages>
		<package name="com.cybage.assignment.decassignment" line-rate="1.0" branch-rate="1.0" complexity="1.1666666666666667">
			<classes>
				<class name="com.cybage.assignment.decassignment.EmpBusinessLogic" filename="com/cybage/assignment/decassignment/EmpBusinessLogic.java" line-rate="1.0" branch-rate="1.0" complexity="1.5">
					<methods>
						<method name="&lt;init&gt;" signature="()V" line-rate="1.0" branch-rate="1.0">
							<lines>
								<line number="3" hits="2" branch="false"/>
							</lines>
						</method>
						<method name="calculateAppraisal" signature="(Lcom/cybage/assignment/decassignment/EmployeeDetails;)D" line-rate="1.0" branch-rate="1.0">
							<lines>
								<line number="13" hits="3" branch="false"/>
								<line number="14" hits="3" branch="true" condition-coverage="100% (2/2)">
									<conditions>
										<condition number="0" type="jump" coverage="100%"/>
									</conditions>
								</line>
								<line number="15" hits="1" branch="false"/>
								<line number="17" hits="2" branch="false"/>
								<line number="19" hits="3" branch="false"/>
							</lines>
						</method>
						<method name="calculateYearlySalary" signature="(Lcom/cybage/assignment/decassignment/EmployeeDetails;)D" line-rate="1.0" branch-rate="1.0">
							<lines>
								<line number="6" hits="3" branch="false"/>
								<line number="7" hits="3" branch="false"/>
								<line number="8" hits="3" branch="false"/>
							</lines>
						</method>
					</methods>
					<lines>
						<line number="3" hits="2" branch="false"/>
						<line number="6" hits="3" branch="false"/>
						<line number="7" hits="3" branch="false"/>
						<line number="8" hits="3" branch="false"/>
						<line number="13" hits="3" branch="false"/>
						<line number="14" hits="3" branch="true" condition-coverage="100% (2/2)">
							<conditions>
								<condition number="0" type="jump" coverage="100%"/>
							</conditions>
						</line>
						<line number="15" hits="1" branch="false"/>
						<line number="17" hits="2" branch="false"/>
						<line number="19" hits="3" branch="false"/>
					</lines>
				</class>
				<class name="com.cybage.assignment.decassignment.EmployeeDetails" filename="com/cybage/assignment/decassignment/EmployeeDetails.java" line-rate="1.0" branch-rate="1.0" complexity="1.0">
					<methods>
						<method name="&lt;init&gt;" signature="()V" line-rate="1.0" branch-rate="1.0">
							<lines>
								<line number="2" hits="2" branch="false"/>
							</lines>
						</method>
						<method name="getMonthlySalary" signature="()D" line-rate="1.0" branch-rate="1.0">
							<lines>
								<line number="13" hits="3" branch="false"/>
							</lines>
						</method>
						<method name="setAge" signature="(I)V" line-rate="1.0" branch-rate="1.0">
							<lines>
								<line number="20" hits="2" branch="false"/>
								<line number="21" hits="2" branch="false"/>
							</lines>
						</method>
						<method name="setMonthlySalary" signature="(D)V" line-rate="1.0" branch-rate="1.0">
							<lines>
								<line number="16" hits="2" branch="false"/>
								<line number="17" hits="2" branch="false"/>
							</lines>
						</method>
						<method name="setName" signature="(Ljava/lang/String;)V" line-rate="1.0" branch-rate="1.0">
							<lines>
								<line number="10" hits="2" branch="false"/>
								<line number="11" hits="2" branch="false"/>
							</lines>
						</method>
					</methods>
					<lines>
						<line number="2" hits="2" branch="false"/>
						<line number="10" hits="2" branch="false"/>
						<line number="11" hits="2" branch="false"/>
						<line number="13" hits="3" branch="false"/>
						<line number="16" hits="2" branch="false"/>
						<line number="17" hits="2" branch="false"/>
						<line number="20" hits="2" branch="false"/>
						<line number="21" hits="2" branch="false"/>
					</lines>
				</class>
			</classes>
		</package>
		<package name="com.mkyong.common.controller" line-rate="1.0" branch-rate="1.0" complexity="0.0">
			<classes>
				<class name="com.mkyong.common.controller.HelloController" filename="com/mkyong/common/controller/HelloController.java" line-rate="1.0" branch-rate="1.0" complexity="0.0">
					<methods>
						<method name="&lt;init&gt;" signature="()V" line-rate="1.0" branch-rate="1.0">
							<lines>
								<line number="13" hits="1" branch="false"/>
								<line number="15" hits="1" branch="false"/>
								<line number="16" hits="1" branch="false"/>
							</lines>
						</method>
						<method name="calculateTotalSalary" signature="(Lorg/springframework/ui/ModelMap;)Ljava/lang/String;" line-rate="1.0" branch-rate="1.0">
							<lines>
								<line number="19" hits="1" branch="false"/>
								<line number="20" hits="1" branch="false"/>
								<line number="21" hits="1" branch="false"/>
								<line number="22" hits="1" branch="false"/>
								<line number="23" hits="1" branch="false"/>
								<line number="24" hits="1" branch="false"/>
								<line number="25" hits="1" branch="false"/>
								<line number="26" hits="1" branch="false"/>
							</lines>
						</method>
					</methods>
					<lines>
						<line number="13" hits="1" branch="false"/>
						<line number="15" hits="1" branch="false"/>
						<line number="16" hits="1" branch="false"/>
						<line number="19" hits="1" branch="false"/>
						<line number="20" hits="1" branch="false"/>
						<line number="21" hits="1" branch="false"/>
						<line number="22" hits="1" branch="false"/>
						<line number="23" hits="1" branch="false"/>
						<line number="24" hits="1" branch="false"/>
						<line number="25" hits="1" branch="false"/>
						<line number="26" hits="1" branch="false"/>
					</lines>
				</class>
			</classes>
		</package>
	</packages>
</coverage>
