<?xml version="1.0" encoding="UTF-8" ?>
<testsuite tests="3" failures="0" name="com.cybage.assignment.decassignment.AppTest" time="0.162" errors="0" skipped="0">
  <properties>
[...]
</properties>
  <testcase classname="com.cybage.assignment.decassignment.AppTest" name="testController" time="0.131"/>
  <testcase classname="com.cybage.assignment.decassignment.AppTest" name="testEmployeeDetails" time="0"/>
  <testcase classname="com.cybage.assignment.decassignment.AppTest" name="testEmpBusinessLogic" time="0"/>
</testsuite>